<?xml version="1.0" encoding="UTF-8"?>
<testsuite name="StreamCollectors" tests="6" skipped="0" failures="0" errors="0" timestamp="2024-05-22T06:36:43" hostname="simbohyeon-ui-MacBookPro.local" time="0.031">
  <properties/>
  <testcase name="joining" classname="StreamCollectors" time="0.013"/>
  <testcase name="partitioningBy" classname="StreamCollectors" time="0.007"/>
  <testcase name="toList" classname="StreamCollectors" time="0.001"/>
  <testcase name="sumingInt" classname="StreamCollectors" time="0.001"/>
  <testcase name="grouping" classname="StreamCollectors" time="0.002"/>
  <testcase name="groupingBy" classname="StreamCollectors" time="0.005"/>
  <system-out><![CDATA[passingFailing.get(true) = [Student[name=john, grade=91], Student[name=dean, grade=74], Student[name=sammy, grade=64], Student[name=dean, grade=79]]
passingFailing.get(false) = [Student[name=matthew, grade=34], Student[name=clock, grade=44]]
12400
{management=8990, it=12400, support=11950, sales=11055}
{management=[Employee[name=drain, salary=8990, department=management]], it=[Employee[name=clock, salary=4600, department=it], Employee[name=cargo, salary=2400, department=it], Employee[name=dean, salary=5400, department=it]], support=[Employee[name=matthew, salary=7600, department=support], Employee[name=sammy, salary=4350, department=support]], sales=[Employee[name=matthew, salary=7600, department=sales], Employee[name=john, salary=3455, department=sales]]}
]]></system-out>
  <system-err><![CDATA[]]></system-err>
</testsuite>
